backtest-imp-done.txt
bosflip-crossmarket
crypto-crossval
crypto-eval.txt
f1-compliance-audit.txt
f1-compliance.txt
f2-code-quality.txt
f3-full-suite.txt
f4-scope-fidelity.txt
fix1-event-id.txt
fix2-new-metrics.txt
fix3-open-trades.txt
fix4-exit-none.txt
gap-analysis
oracle-alignment-fix-verified.txt
oracle-audit.md
oracle-bug-investigation.md
oracle-gap-analysis.md
oracle-narrative-decision-mtf.md
oracle-postfix-analyze-ta.md
oracle-postfix-review.md
oracle-postimpl-market-snapshot.md
oracle-postimpl-streaming-bos.md
oracle-review-analyze-ta.md
oracle-scrutiny.md
oracle-sweep-audit.md
oracle-test-plan-scope.md
r1-gif-blocked.txt
r2-warmup-docstring.txt
r3-validation-tests.txt
r4-code-cleanup.txt
streaming-bos-imp.txt
structureEngine-fixes.txt
t0-test-suite.txt
t10-batch-compare.txt
t10-diagnostic.txt
t11-integration.txt
t11-regenerated.txt
t11-spot-check.txt
t12-full-suite.txt
t13-version.txt
t1-basic-cycle.txt
t1-collect-only.txt
t1-compute-100-rows.txt
t1-compute-1-row.txt
t1-compute-30-rows.txt
t1-compute-39-rows.txt
t1-config.txt
t1-dataframe-export.txt
t1-data-load.txt
t1-implicit-close.txt
t1-importable.txt
t1-initpy-exists.txt
t1-initpy-import.txt
t1-pytest-version.txt
t1-short-trade.txt
t1-trade-duration-metrics.txt
t1-validation.txt
t2-bb-macd-columns-valid.txt
t2-column-order.txt
t2-constant-price.txt
t2-crossmarket-run.txt
t2-deterministic.txt
t2-empty-metrics.txt
t2-event-recording.txt
t2-fixture-shape.txt
t2-load-empty-header.txt
t2-load-missing.txt
t2-load-normal.txt
t2-metrics.txt
t2-perfect.txt
t2-runs-without-keyerror.txt
t2-step-function.txt
t2-strategy-protocol.txt
t3-alternation.txt
t3-backward-compat.txt
t3-comparison-table.txt
t3-core-tests-pass.txt
t3-pivot-index.txt
t3-protocol-update.txt
t3-replay-identity.txt
t3-shape-check.txt
t3-sorted-deduped.txt
t3-unit-tests.txt
t3-validation.txt
t4-atomic-write-basic.txt
t4-batch-completeness.txt
t4-bos-flip-unit.txt
t4-bos-nan.txt
t4-concurrent-write.txt
t4-csv-readable.txt
t4-downstream-compat.txt
t4-io-tests-pass.txt
t4-non-trivial.txt
t4-no-orphan-tmp.txt
t4-two-stage-engine.txt
t4-unit-tests.txt
t5-analyze-ta-suite.txt
t5-bos-choch.txt
t5-bos-flip-e2e.txt
t5-full-suite.txt
t5-noop-regression.txt
t5-no-stale-refs.txt
t5-report-schema.txt
t5-two-stage-integration.txt
t5-unit-tests.txt
t6-integration-tests.txt
t6-integration-test.txt
t6-integration.txt
t6-metrics.txt
t6-ob.txt
t6-strategy-two-stage.txt
t7-bb-macd-invariants.txt
t7-export.txt
t7-integration-tests.txt
t7-liquidity.txt
t7-two-stage-tests.txt
t8-e2e-run.txt
t8-export-e2e.txt
t8-retracements.txt
t8-streaming-vs-batch.txt
t8-system-tests.txt
t9-causality-run.txt
t9-cli-custom.txt
t9-cli-default.txt
t9-import-test.txt
t9-nan-direct-call.txt
t9-nan-fix-confirmed.txt
t9-rsi-all-pass.txt
task-1
task-2
task-3
task-4
task-5
task-6
task-T1a-red-phase.log
task-T1b-green-phase.log
task-T2a-red-phase.log
task-T2b-green-phase.log
task-T3a-fixtures.log
task-T3b-alignment.log
task-T3b-htf-preserved.log
task-T3b-regression.log
task-T4-edge-tests.log
task-T5-edge-tests.log
task-T6-coherence.log
task-T6-integration.log
unified reports
v1-trade-sim.txt
