============================= test session starts ==============================
platform linux -- Python 3.12.3, pytest-9.1.1, pluggy-1.6.0 -- /home/parzivalxiii/Projects/smc-live-trading/.venv/bin/python
cachedir: .pytest_cache
rootdir: /home/parzivalxiii/Projects/smc-live-trading
configfile: pyproject.toml
collecting ... collected 77 items

tests/test_market_snapshot.py::TestMarketSnapshot::test_all_required_fields_present PASSED [  1%]
tests/test_market_snapshot.py::TestMarketSnapshot::test_all_optional_fields_present PASSED [  2%]
tests/test_market_snapshot.py::TestMarketSnapshot::test_construct_with_all_required PASSED [  3%]
tests/test_market_snapshot.py::TestMarketSnapshot::test_optional_defaults_to_none PASSED [  5%]
tests/test_market_snapshot.py::TestMarketSnapshot::test_optional_can_be_set PASSED [  6%]
tests/test_market_snapshot.py::TestMarketSnapshot::test_field_types PASSED [  7%]
tests/test_market_snapshot.py::TestMarketSnapshot::test_no_slots PASSED  [  9%]
tests/test_market_snapshot.py::TestMarketSnapshot::test_trend_direction_computation[50000.0-49000.0-above] PASSED [ 10%]
tests/test_market_snapshot.py::TestMarketSnapshot::test_trend_direction_computation[49000.0-50000.0-below] PASSED [ 11%]
tests/test_market_snapshot.py::TestMarketSnapshot::test_trend_direction_computation[50000.0-49950.0-above] PASSED [ 12%]
tests/test_market_snapshot.py::TestMarketSnapshot::test_trend_direction_computation[50000.0-50050.0-at] PASSED [ 14%]
tests/test_market_snapshot.py::TestMarketSnapshot::test_trend_direction_computation[50000.0-50000.0-at] PASSED [ 15%]
tests/test_market_snapshot.py::TestMarketSnapshot::test_trend_direction_computation[50050.0-50000.0-at] PASSED [ 16%]
tests/test_market_snapshot.py::TestMarketSnapshot::test_trend_direction_computation[49950.0-50000.0-at] PASSED [ 18%]
tests/test_market_snapshot.py::TestMarketSnapshot::test_trend_direction_computation[100.0-0.0-at] PASSED [ 19%]
tests/test_market_snapshot.py::TestMarketSnapshot::test_trend_direction_computation[nan-100.0-at] PASSED [ 20%]
tests/test_market_snapshot.py::TestSnapshotBuilder::test_build_basic PASSED [ 22%]
tests/test_market_snapshot.py::TestSnapshotBuilder::test_build_trend_direction_above PASSED [ 23%]
tests/test_market_snapshot.py::TestSnapshotBuilder::test_build_trend_direction_below PASSED [ 24%]
tests/test_market_snapshot.py::TestSnapshotBuilder::test_build_trend_direction_at PASSED [ 25%]
tests/test_market_snapshot.py::TestSnapshotBuilder::test_build_last_swing PASSED [ 27%]
tests/test_market_snapshot.py::TestSnapshotBuilder::test_build_last_bos PASSED [ 28%]
tests/test_market_snapshot.py::TestSnapshotBuilder::test_build_last_choch PASSED [ 29%]
tests/test_market_snapshot.py::TestSnapshotBuilder::test_build_liquidity_above PASSED [ 31%]
tests/test_market_snapshot.py::TestSnapshotBuilder::test_build_liquidity_below PASSED [ 32%]
tests/test_market_snapshot.py::TestSnapshotBuilder::test_build_active_bullish_ob PASSED [ 33%]
tests/test_market_snapshot.py::TestSnapshotBuilder::test_build_active_bearish_ob PASSED [ 35%]
tests/test_market_snapshot.py::TestSnapshotBuilder::test_build_empty_report_all_none PASSED [ 36%]
tests/test_market_snapshot.py::TestSnapshotBuilder::test_build_na_ta_fields PASSED [ 37%]
tests/test_market_snapshot.py::TestSnapshotBuilder::test_build_liquidity_swept_skipped PASSED [ 38%]
tests/test_market_snapshot.py::TestSnapshotBuilder::test_build_ob_mitigated_skipped PASSED [ 40%]
tests/test_market_snapshot.py::TestConfluenceResult::test_construct_minimal PASSED [ 41%]
tests/test_market_snapshot.py::TestConfluenceResult::test_all_attributes PASSED [ 42%]
tests/test_market_snapshot.py::TestConfluenceResult::test_empty_reasons PASSED [ 44%]
tests/test_market_snapshot.py::TestConfluenceResult::test_slots PASSED   [ 45%]
tests/test_market_snapshot.py::TestConfluenceScorer::test_scorer_returns_confluenceresult PASSED [ 46%]
tests/test_market_snapshot.py::TestConfluenceScorer::test_all_bullish_score_10 PASSED [ 48%]
tests/test_market_snapshot.py::TestConfluenceScorer::test_all_bearish_score_neg4 PASSED [ 49%]
tests/test_market_snapshot.py::TestConfluenceScorer::test_isolated_close_above_ema21 PASSED [ 50%]
tests/test_market_snapshot.py::TestConfluenceScorer::test_isolated_ema21_slope_positive PASSED [ 51%]
tests/test_market_snapshot.py::TestConfluenceScorer::test_isolated_macd_above_signal PASSED [ 53%]
tests/test_market_snapshot.py::TestConfluenceScorer::test_isolated_rsi_above_55 PASSED [ 54%]
tests/test_market_snapshot.py::TestConfluenceScorer::test_isolated_mfi_above_50 PASSED [ 55%]
tests/test_market_snapshot.py::TestConfluenceScorer::test_isolated_bullish_bos PASSED [ 57%]
tests/test_market_snapshot.py::TestConfluenceScorer::test_isolated_bearish_bos PASSED [ 58%]
tests/test_market_snapshot.py::TestConfluenceScorer::test_isolated_liquidity_above PASSED [ 59%]
tests/test_market_snapshot.py::TestConfluenceScorer::test_isolated_liquidity_below PASSED [ 61%]
tests/test_market_snapshot.py::TestConfluenceScorer::test_boundary_scores[-4-bearish] PASSED [ 62%]
tests/test_market_snapshot.py::TestConfluenceScorer::test_boundary_scores[-1-bearish] PASSED [ 63%]
tests/test_market_snapshot.py::TestConfluenceScorer::test_boundary_scores[0-bearish] PASSED [ 64%]
tests/test_market_snapshot.py::TestConfluenceScorer::test_boundary_scores[3-bearish] PASSED [ 66%]
tests/test_market_snapshot.py::TestConfluenceScorer::test_boundary_scores[4-neutral] PASSED [ 67%]
tests/test_market_snapshot.py::TestConfluenceScorer::test_boundary_scores[6-neutral] PASSED [ 68%]
tests/test_market_snapshot.py::TestConfluenceScorer::test_boundary_scores[7-bullish] PASSED [ 70%]
tests/test_market_snapshot.py::TestConfluenceScorer::test_boundary_scores[10-bullish] PASSED [ 71%]
tests/test_market_snapshot.py::TestConfluenceScorer::test_boundary_score_0 PASSED [ 72%]
tests/test_market_snapshot.py::TestConfluenceScorer::test_boundary_score_4 PASSED [ 74%]
tests/test_market_snapshot.py::TestConfluenceScorer::test_boundary_score_7 PASSED [ 75%]
tests/test_market_snapshot.py::TestConfluenceScorer::test_none_handling PASSED [ 76%]
tests/test_market_snapshot.py::TestConfluenceScorer::test_reasons_populated PASSED [ 77%]
tests/test_market_snapshot.py::TestConfluenceScorer::test_max_score_10 PASSED [ 79%]
tests/test_market_snapshot.py::TestConfluenceScorer::test_both_liquidity_net_zero PASSED [ 80%]
tests/test_market_snapshot.py::TestMarketContext::test_all_bullish_alignment PASSED [ 81%]
tests/test_market_snapshot.py::TestMarketContext::test_all_bearish_alignment PASSED [ 83%]
tests/test_market_snapshot.py::TestMarketContext::test_mixed_alignment PASSED [ 84%]
tests/test_market_snapshot.py::TestMarketContext::test_partial_2_of_3 PASSED [ 85%]
tests/test_market_snapshot.py::TestMarketContext::test_single_timeframe PASSED [ 87%]
tests/test_market_snapshot.py::TestMarketContext::test_single_timeframe_bearish PASSED [ 88%]
tests/test_market_snapshot.py::TestMarketContext::test_all_none PASSED   [ 89%]
tests/test_market_snapshot.py::TestMarketContext::test_composite_score_two_active PASSED [ 90%]
tests/test_market_snapshot.py::TestMarketContext::test_composite_score_three_active PASSED [ 92%]
tests/test_market_snapshot.py::TestMarketContext::test_composite_score_mixed PASSED [ 93%]
tests/test_market_snapshot.py::TestMarketContext::test_composite_score_zero_active PASSED [ 94%]
tests/test_market_snapshot.py::TestMarketContext::test_composite_score_reasons_present PASSED [ 96%]
tests/test_market_snapshot.py::TestIntegration::test_real_ta_csv_integration PASSED [ 97%]
tests/test_market_snapshot.py::TestIntegration::test_real_ta_csv_with_scoring PASSED [ 98%]
tests/test_market_snapshot.py::TestIntegration::test_real_ta_csv_market_context SKIPPED [100%]

======================== 76 passed, 1 skipped in 0.90s =========================
