============================= test session starts ==============================
platform linux -- Python 3.12.3, pytest-9.1.1, pluggy-1.6.0 -- /home/parzivalxiii/Projects/smc-live-trading/.venv/bin/python
cachedir: .pytest_cache
rootdir: /home/parzivalxiii/Projects/smc-live-trading
configfile: pyproject.toml
collecting ... collected 52 items

tests/test_narrative.py::TestMarketNarrativeBuilder::test_bullish_narrative_all_sections PASSED [  1%]
tests/test_narrative.py::TestMarketNarrativeBuilder::test_bearish_narrative PASSED [  3%]
tests/test_narrative.py::TestMarketNarrativeBuilder::test_neutral_narrative PASSED [  5%]
tests/test_narrative.py::TestMarketNarrativeBuilder::test_no_structure_data PASSED [  7%]
tests/test_narrative.py::TestMarketNarrativeBuilder::test_no_liquidity_data PASSED [  9%]
tests/test_narrative.py::TestMarketNarrativeBuilder::test_all_sections_present PASSED [ 11%]
tests/test_narrative.py::TestMarketNarrativeBuilder::test_conclusion_format PASSED [ 13%]
tests/test_narrative.py::TestNarrativeEdgeCases::test_narrative_nan_values PASSED [ 15%]
tests/test_narrative.py::TestNarrativeEdgeCases::test_narrative_empty_result_reasons PASSED [ 17%]
tests/test_narrative.py::TestNarrativeEdgeCases::test_narrative_symbol_timeframe_passthrough PASSED [ 19%]
tests/test_narrative.py::TestNarrativeEdgeCases::test_narrative_score_zero PASSED [ 21%]
tests/test_narrative.py::TestNarrativeEdgeCases::test_narrative_max_score_integrity PASSED [ 23%]
tests/test_narrative.py::TestNarrativeEdgeCases::test_narrative_conclusion_format_bullish PASSED [ 25%]
tests/test_narrative.py::TestNarrativeEdgeCases::test_narrative_section_ordering PASSED [ 26%]
tests/test_narrative.py::TestIntegrationPipeline::test_full_pipeline_bullish PASSED [ 28%]
tests/test_narrative.py::TestIntegrationPipeline::test_full_pipeline_bearish PASSED [ 30%]
tests/test_narrative.py::TestIntegrationPipeline::test_full_pipeline_mtf_hierarchical PASSED [ 32%]
tests/test_narrative.py::TestIntegrationPipeline::test_full_pipeline_narrative_decision_consistency PASSED [ 34%]
tests/test_narrative.py::TestIntegrationPipeline::test_full_pipeline_snapshot_to_decision PASSED [ 36%]
tests/test_decision_engine.py::TestDecisionEngine::test_look_for_longs PASSED [ 38%]
tests/test_decision_engine.py::TestDecisionEngine::test_avoid_shorts PASSED [ 40%]
tests/test_decision_engine.py::TestDecisionEngine::test_stand_aside PASSED [ 42%]
tests/test_decision_engine.py::TestDecisionEngine::test_watch_breakout_modifier PASSED [ 44%]
tests/test_decision_engine.py::TestDecisionEngine::test_invalidation_bullish_liquidity_first PASSED [ 46%]
tests/test_decision_engine.py::TestDecisionEngine::test_invalidation_bullish_swing_fallback PASSED [ 48%]
tests/test_decision_engine.py::TestDecisionEngine::test_invalidation_bullish_ema_fallback PASSED [ 50%]
tests/test_decision_engine.py::TestDecisionEngine::test_invalidation_bullish_no_fallback PASSED [ 51%]
tests/test_decision_engine.py::TestDecisionEngine::test_target_bullish PASSED [ 53%]
tests/test_decision_engine.py::TestDecisionEngine::test_target_bearish PASSED [ 55%]
tests/test_decision_engine.py::TestDecisionEngine::test_confidence_formula[10-1.0] PASSED [ 57%]
tests/test_decision_engine.py::TestDecisionEngine::test_confidence_formula[7-0.7] PASSED [ 59%]
tests/test_decision_engine.py::TestDecisionEngine::test_confidence_formula[4-0.4] PASSED [ 61%]
tests/test_decision_engine.py::TestDecisionEngine::test_confidence_formula[0-0.0] PASSED [ 63%]
tests/test_decision_engine.py::TestDecisionEngine::test_confidence_formula[-4-0.4] PASSED [ 65%]
tests/test_decision_engine.py::TestDecisionEngine::test_neutral_invalidation_target_none PASSED [ 67%]
tests/test_decision_engine.py::TestDecisionEngine::test_with_market_context PASSED [ 69%]
tests/test_decision_engine.py::TestDecisionEngine::test_without_market_context PASSED [ 71%]
tests/test_decision_engine.py::TestDecisionEdgeCases::test_decision_score_zero PASSED [ 73%]
tests/test_decision_engine.py::TestDecisionEdgeCases::test_decision_score_threshold_boundaries[-1-avoid_shorts-bearish] PASSED [ 75%]
tests/test_decision_engine.py::TestDecisionEdgeCases::test_decision_score_threshold_boundaries[0-stand_aside-bearish] PASSED [ 76%]
tests/test_decision_engine.py::TestDecisionEdgeCases::test_decision_score_threshold_boundaries[3-stand_aside-bearish] PASSED [ 78%]
tests/test_decision_engine.py::TestDecisionEdgeCases::test_decision_score_threshold_boundaries[4-stand_aside-neutral] PASSED [ 80%]
tests/test_decision_engine.py::TestDecisionEdgeCases::test_decision_score_threshold_boundaries[6-stand_aside-neutral] PASSED [ 82%]
tests/test_decision_engine.py::TestDecisionEdgeCases::test_decision_score_threshold_boundaries[7-look_for_longs-bullish] PASSED [ 84%]
tests/test_decision_engine.py::TestDecisionEdgeCases::test_decision_score_threshold_boundaries[10-look_for_longs-bullish] PASSED [ 86%]
tests/test_decision_engine.py::TestDecisionEdgeCases::test_decision_target_swing_fallback PASSED [ 88%]
tests/test_decision_engine.py::TestDecisionEdgeCases::test_decision_target_no_fallback PASSED [ 90%]
tests/test_decision_engine.py::TestDecisionEdgeCases::test_decision_both_liquidity_present PASSED [ 92%]
tests/test_decision_engine.py::TestDecisionEdgeCases::test_decision_breakout_pending PASSED [ 94%]
tests/test_decision_engine.py::TestDecisionEdgeCases::test_decision_no_breakout_pending PASSED [ 96%]
tests/test_decision_engine.py::TestDecisionEdgeCases::test_decision_context_hierarchical_influence PASSED [ 98%]
tests/test_decision_engine.py::TestDecisionEdgeCases::test_decision_all_optional_none PASSED [100%]

============================== 52 passed in 1.21s ==============================
